  HW4_2(이진 탐색 트리 연습).c
C:\Users\user\Desktop\J\DDWU\23-2\자료구조\9주차HW(쓰레드 이진트리, 이진 탐색 트리)\HW4_2(이진 탐색 트리 연습)\HW4_2(이진 탐색 트리 연습).c(16,21): warning C4133: '함수': 'TreeNode *'과(와) 'TreeNode *' 사이의 형식이 호환되지 않습니다.
C:\Users\user\Desktop\J\DDWU\23-2\자료구조\9주차HW(쓰레드 이진트리, 이진 탐색 트리)\HW4_2(이진 탐색 트리 연습)\HW4_2(이진 탐색 트리 연습).c(18,22): warning C4133: '함수': 'TreeNode *'과(와) 'TreeNode *' 사이의 형식이 호환되지 않습니다.
C:\Users\user\Desktop\J\DDWU\23-2\자료구조\9주차HW(쓰레드 이진트리, 이진 탐색 트리)\HW4_2(이진 탐색 트리 연습)\HW4_2(이진 탐색 트리 연습).c(34,38): warning C4133: '함수': 'TreeNode *'과(와) 'TreeNode *' 사이의 형식이 호환되지 않습니다.
C:\Users\user\Desktop\J\DDWU\23-2\자료구조\9주차HW(쓰레드 이진트리, 이진 탐색 트리)\HW4_2(이진 탐색 트리 연습)\HW4_2(이진 탐색 트리 연습).c(34,44): warning C4133: '=': 'TreeNode *'과(와) 'TreeNode *' 사이의 형식이 호환되지 않습니다.
C:\Users\user\Desktop\J\DDWU\23-2\자료구조\9주차HW(쓰레드 이진트리, 이진 탐색 트리)\HW4_2(이진 탐색 트리 연습)\HW4_2(이진 탐색 트리 연습).c(36,40): warning C4133: '함수': 'TreeNode *'과(와) 'TreeNode *' 사이의 형식이 호환되지 않습니다.
C:\Users\user\Desktop\J\DDWU\23-2\자료구조\9주차HW(쓰레드 이진트리, 이진 탐색 트리)\HW4_2(이진 탐색 트리 연습)\HW4_2(이진 탐색 트리 연습).c(36,46): warning C4133: '=': 'TreeNode *'과(와) 'TreeNode *' 사이의 형식이 호환되지 않습니다.
C:\Users\user\Desktop\J\DDWU\23-2\자료구조\9주차HW(쓰레드 이진트리, 이진 탐색 트리)\HW4_2(이진 탐색 트리 연습)\HW4_2(이진 탐색 트리 연습).c(45,26): warning C4133: '=': 'TreeNode *'과(와) 'TreeNode *' 사이의 형식이 호환되지 않습니다.
C:\Users\user\Desktop\J\DDWU\23-2\자료구조\9주차HW(쓰레드 이진트리, 이진 탐색 트리)\HW4_2(이진 탐색 트리 연습)\HW4_2(이진 탐색 트리 연습).c(54,38): warning C4133: '함수': 'TreeNode *'과(와) 'TreeNode *' 사이의 형식이 호환되지 않습니다.
C:\Users\user\Desktop\J\DDWU\23-2\자료구조\9주차HW(쓰레드 이진트리, 이진 탐색 트리)\HW4_2(이진 탐색 트리 연습)\HW4_2(이진 탐색 트리 연습).c(54,44): warning C4133: '=': 'TreeNode *'과(와) 'TreeNode *' 사이의 형식이 호환되지 않습니다.
C:\Users\user\Desktop\J\DDWU\23-2\자료구조\9주차HW(쓰레드 이진트리, 이진 탐색 트리)\HW4_2(이진 탐색 트리 연습)\HW4_2(이진 탐색 트리 연습).c(57,40): warning C4133: '함수': 'TreeNode *'과(와) 'TreeNode *' 사이의 형식이 호환되지 않습니다.
C:\Users\user\Desktop\J\DDWU\23-2\자료구조\9주차HW(쓰레드 이진트리, 이진 탐색 트리)\HW4_2(이진 탐색 트리 연습)\HW4_2(이진 탐색 트리 연습).c(57,46): warning C4133: '=': 'TreeNode *'과(와) 'TreeNode *' 사이의 형식이 호환되지 않습니다.
C:\Users\user\Desktop\J\DDWU\23-2\자료구조\9주차HW(쓰레드 이진트리, 이진 탐색 트리)\HW4_2(이진 탐색 트리 연습)\HW4_2(이진 탐색 트리 연습).c(72,36): warning C4133: '함수': 'TreeNode *'과(와) 'TreeNode *' 사이의 형식이 호환되지 않습니다.
C:\Users\user\Desktop\J\DDWU\23-2\자료구조\9주차HW(쓰레드 이진트리, 이진 탐색 트리)\HW4_2(이진 탐색 트리 연습)\HW4_2(이진 탐색 트리 연습).c(76,40): warning C4133: '함수': 'TreeNode *'과(와) 'TreeNode *' 사이의 형식이 호환되지 않습니다.
C:\Users\user\Desktop\J\DDWU\23-2\자료구조\9주차HW(쓰레드 이진트리, 이진 탐색 트리)\HW4_2(이진 탐색 트리 연습)\HW4_2(이진 탐색 트리 연습).c(76,52): warning C4133: '=': 'TreeNode *'과(와) 'TreeNode *' 사이의 형식이 호환되지 않습니다.
C:\Users\user\Desktop\J\DDWU\23-2\자료구조\9주차HW(쓰레드 이진트리, 이진 탐색 트리)\HW4_2(이진 탐색 트리 연습)\HW4_2(이진 탐색 트리 연습).c(62,1): warning C4133: '초기화 중': 'TreeNode *'과(와) 'TreeNode *' 사이의 형식이 호환되지 않습니다.
C:\Users\user\Desktop\J\DDWU\23-2\자료구조\9주차HW(쓰레드 이진트리, 이진 탐색 트리)\HW4_2(이진 탐색 트리 연습)\HW4_2(이진 탐색 트리 연습).c(67,1): warning C4133: '초기화 중': 'TreeNode *'과(와) 'TreeNode *' 사이의 형식이 호환되지 않습니다.
C:\Users\user\Desktop\J\DDWU\23-2\자료구조\9주차HW(쓰레드 이진트리, 이진 탐색 트리)\HW4_2(이진 탐색 트리 연습)\HW4_2(이진 탐색 트리 연습).c(90,27): warning C4133: '함수': 'TreeNode *'과(와) 'TreeNode *' 사이의 형식이 호환되지 않습니다.
C:\Users\user\Desktop\J\DDWU\23-2\자료구조\9주차HW(쓰레드 이진트리, 이진 탐색 트리)\HW4_2(이진 탐색 트리 연습)\HW4_2(이진 탐색 트리 연습).c(90,33): warning C4098: 'search': 'void' 함수에서 값을 반환하고 있습니다.
C:\Users\user\Desktop\J\DDWU\23-2\자료구조\9주차HW(쓰레드 이진트리, 이진 탐색 트리)\HW4_2(이진 탐색 트리 연습)\HW4_2(이진 탐색 트리 연습).c(92,28): warning C4133: '함수': 'TreeNode *'과(와) 'TreeNode *' 사이의 형식이 호환되지 않습니다.
C:\Users\user\Desktop\J\DDWU\23-2\자료구조\9주차HW(쓰레드 이진트리, 이진 탐색 트리)\HW4_2(이진 탐색 트리 연습)\HW4_2(이진 탐색 트리 연습).c(92,34): warning C4098: 'search': 'void' 함수에서 값을 반환하고 있습니다.
C:\Users\user\Desktop\J\DDWU\23-2\자료구조\9주차HW(쓰레드 이진트리, 이진 탐색 트리)\HW4_2(이진 탐색 트리 연습)\HW4_2(이진 탐색 트리 연습).c(98,16): warning C4133: '함수': 'TreeNode *'과(와) 'TreeNode *' 사이의 형식이 호환되지 않습니다.
C:\Users\user\Desktop\J\DDWU\23-2\자료구조\9주차HW(쓰레드 이진트리, 이진 탐색 트리)\HW4_2(이진 탐색 트리 연습)\HW4_2(이진 탐색 트리 연습).c(105,40): warning C4133: '함수': 'TreeNode *'과(와) 'TreeNode *' 사이의 형식이 호환되지 않습니다.
C:\Users\user\Desktop\J\DDWU\23-2\자료구조\9주차HW(쓰레드 이진트리, 이진 탐색 트리)\HW4_2(이진 탐색 트리 연습)\HW4_2(이진 탐색 트리 연습).c(105,70): warning C4133: '함수': 'TreeNode *'과(와) 'TreeNode *' 사이의 형식이 호환되지 않습니다.
C:\Users\user\Desktop\J\DDWU\23-2\자료구조\9주차HW(쓰레드 이진트리, 이진 탐색 트리)\HW4_2(이진 탐색 트리 연습)\HW4_2(이진 탐색 트리 연습).c(112,15): warning C4133: '=': 'TreeNode *'과(와) 'TreeNode *' 사이의 형식이 호환되지 않습니다.
C:\Users\user\Desktop\J\DDWU\23-2\자료구조\9주차HW(쓰레드 이진트리, 이진 탐색 트리)\HW4_2(이진 탐색 트리 연습)\HW4_2(이진 탐색 트리 연습).c(118,14): warning C4133: '=': 'TreeNode *'과(와) 'TreeNode *' 사이의 형식이 호환되지 않습니다.
C:\Users\user\Desktop\J\DDWU\23-2\자료구조\9주차HW(쓰레드 이진트리, 이진 탐색 트리)\HW4_2(이진 탐색 트리 연습)\HW4_2(이진 탐색 트리 연습).c(124,22): warning C4133: '함수': 'TreeNode *'과(와) 'TreeNode *' 사이의 형식이 호환되지 않습니다.
C:\Users\user\Desktop\J\DDWU\23-2\자료구조\9주차HW(쓰레드 이진트리, 이진 탐색 트리)\HW4_2(이진 탐색 트리 연습)\HW4_2(이진 탐색 트리 연습).c(125,23): warning C4133: '함수': 'TreeNode *'과(와) 'TreeNode *' 사이의 형식이 호환되지 않습니다.
  HW4_2(이진 탐색 트리 연습).vcxproj -> C:\Users\user\Desktop\J\DDWU\23-2\자료구조\9주차HW(쓰레드 이진트리, 이진 탐색 트리)\x64\Debug\HW4_2(이진 탐색 트리 연습).exe
