빌드 시작: 2020-11-18 오후 4:01:30
     1>2 노드의 "D:\))))ㄱ자료구조2020\))2020강의보충자료\강의보충자료(교안)\포인터의포인터사용예제\지역변수관련1\지역변수관련1.vcxproj" 프로젝트(build 대상)입니다.
     1>InitializeBuildStatus:
         "AlwaysCreate"이(가) 지정되었기 때문에 "Debug\지역변수관련1.unsuccessfulbuild"을(를) 만들고 있습니다.
       ClCompile:
         c:\Program Files (x86)\Microsoft Visual Studio 10.0\VC\bin\CL.exe /c /ZI /nologo /W3 /WX- /Od /Oy- /D WIN32 /D _DEBUG /D _CONSOLE /D _UNICODE /D UNICODE /Gm /EHsc /RTC1 /MDd /GS /fp:precise /Zc:wchar_t /Zc:forScope /Fo"Debug\\" /Fd"Debug\vc100.pdb" /Gd /TC /analyze- /errorReport:prompt "지역변수관련1.c"
         지역변수관련1.c
     1>d:\))))ㄱ자료구조2020\))2020강의보충자료\강의보충자료(교안)\포인터의포인터사용예제\지역변수관련1\지역변수관련1.c(38): warning C4172: 지역 변수 또는 임시 변수의 주소를 반환하고 있습니다.
       ManifestResourceCompile:
         모든 출력이 최신 상태입니다.
       Link:
         c:\Program Files (x86)\Microsoft Visual Studio 10.0\VC\bin\link.exe /ERRORREPORT:PROMPT /OUT:"D:\))))ㄱ자료구조2020\))2020강의보충자료\강의보충자료(교안)\포인터의포인터사용예제\Debug\지역변수관련1.exe" /INCREMENTAL /NOLOGO kernel32.lib user32.lib gdi32.lib winspool.lib comdlg32.lib advapi32.lib shell32.lib ole32.lib oleaut32.lib uuid.lib odbc32.lib odbccp32.lib /MANIFEST /ManifestFile:"Debug\지역변수관련1.exe.intermediate.manifest" /MANIFESTUAC:"level='asInvoker' uiAccess='false'" /DEBUG /PDB:"D:\))))ㄱ자료구조2020\))2020강의보충자료\강의보충자료(교안)\포인터의포인터사용예제\Debug\지역변수관련1.pdb" /SUBSYSTEM:CONSOLE /TLBID:1 /DYNAMICBASE /NXCOMPAT /IMPLIB:"D:\))))ㄱ자료구조2020\))2020강의보충자료\강의보충자료(교안)\포인터의포인터사용예제\Debug\지역변수관련1.lib" /MACHINE:X86 "Debug\지역변수관련1.exe.embed.manifest.res"
         "Debug\지역변수관련1.obj"
       Manifest:
         C:\Program Files (x86)\Microsoft SDKs\Windows\v7.0A\bin\mt.exe /nologo /verbose /out:"Debug\지역변수관련1.exe.embed.manifest" /manifest "Debug\지역변수관련1.exe.intermediate.manifest"
         모든 출력이 최신 상태입니다.
       LinkEmbedManifest:
         모든 출력이 최신 상태입니다.
         지역변수관련1.vcxproj -> D:\))))ㄱ자료구조2020\))2020강의보충자료\강의보충자료(교안)\포인터의포인터사용예제\Debug\지역변수관련1.exe
       FinalizeBuildStatus:
         "Debug\지역변수관련1.unsuccessfulbuild" 파일을 삭제하고 있습니다.
         "Debug\지역변수관련1.lastbuildstate"에 연결(touching)하고 있습니다.
     1>"D:\))))ㄱ자료구조2020\))2020강의보충자료\강의보충자료(교안)\포인터의포인터사용예제\지역변수관련1\지역변수관련1.vcxproj" 프로젝트를 빌드했습니다(build 대상).

빌드했습니다.

경과 시간: 00:00:04.21
