빌드 시작: 2014-11-18 오후 10:41:58
     1>2 노드의 "C:\Documents and Settings\NT\바탕 화면\수박\--)2014자료구조\강의준비\프로그래밍해보기\HW06(뒷부분)_pak\HW06-3\HW06-3.vcxproj" 프로젝트(build 대상)입니다.
     1>InitializeBuildStatus:
         "AlwaysCreate"이(가) 지정되었기 때문에 "Debug\HW06-3.unsuccessfulbuild"을(를) 만들고 있습니다.
       ClCompile:
         C:\Program Files\Microsoft Visual Studio 10.0\VC\bin\CL.exe /c /ZI /nologo /W3 /WX- /Od /Oy- /D WIN32 /D _DEBUG /D _CONSOLE /D _UNICODE /D UNICODE /Gm /EHsc /RTC1 /MDd /GS /fp:precise /Zc:wchar_t /Zc:forScope /Fo"Debug\\" /Fd"Debug\vc100.pdb" /Gd /TC /analyze- /errorReport:prompt kruskal.c
         kruskal.c
     1>c:\documents and settings\nt\바탕 화면\수박\--)2014자료구조\강의준비\프로그래밍해보기\hw06(뒷부분)_pak\hw06-3\kruskal.c(27): warning C4996: 'fopen': This function or variable may be unsafe. Consider using fopen_s instead. To disable deprecation, use _CRT_SECURE_NO_WARNINGS. See online help for details.
                 c:\program files\microsoft visual studio 10.0\vc\include\stdio.h(234) : 'fopen' 선언을 참조하십시오.
     1>c:\documents and settings\nt\바탕 화면\수박\--)2014자료구조\강의준비\프로그래밍해보기\hw06(뒷부분)_pak\hw06-3\kruskal.c(31): warning C4996: 'fscanf': This function or variable may be unsafe. Consider using fscanf_s instead. To disable deprecation, use _CRT_SECURE_NO_WARNINGS. See online help for details.
                 c:\program files\microsoft visual studio 10.0\vc\include\stdio.h(253) : 'fscanf' 선언을 참조하십시오.
     1>c:\documents and settings\nt\바탕 화면\수박\--)2014자료구조\강의준비\프로그래밍해보기\hw06(뒷부분)_pak\hw06-3\kruskal.c(33): warning C4996: 'fscanf': This function or variable may be unsafe. Consider using fscanf_s instead. To disable deprecation, use _CRT_SECURE_NO_WARNINGS. See online help for details.
                 c:\program files\microsoft visual studio 10.0\vc\include\stdio.h(253) : 'fscanf' 선언을 참조하십시오.
     1>c:\documents and settings\nt\바탕 화면\수박\--)2014자료구조\강의준비\프로그래밍해보기\hw06(뒷부분)_pak\hw06-3\kruskal.c(34): warning C4996: 'fscanf': This function or variable may be unsafe. Consider using fscanf_s instead. To disable deprecation, use _CRT_SECURE_NO_WARNINGS. See online help for details.
                 c:\program files\microsoft visual studio 10.0\vc\include\stdio.h(253) : 'fscanf' 선언을 참조하십시오.
     1>c:\documents and settings\nt\바탕 화면\수박\--)2014자료구조\강의준비\프로그래밍해보기\hw06(뒷부분)_pak\hw06-3\kruskal.c(47): warning C4996: 'fopen': This function or variable may be unsafe. Consider using fopen_s instead. To disable deprecation, use _CRT_SECURE_NO_WARNINGS. See online help for details.
                 c:\program files\microsoft visual studio 10.0\vc\include\stdio.h(234) : 'fopen' 선언을 참조하십시오.
       Link:
         C:\Program Files\Microsoft Visual Studio 10.0\VC\bin\link.exe /ERRORREPORT:PROMPT /OUT:"C:\Documents and Settings\NT\바탕 화면\수박\--)2014자료구조\강의준비\프로그래밍해보기\HW06(뒷부분)_pak\Debug\HW06-3.exe" /INCREMENTAL /NOLOGO kernel32.lib user32.lib gdi32.lib winspool.lib comdlg32.lib advapi32.lib shell32.lib ole32.lib oleaut32.lib uuid.lib odbc32.lib odbccp32.lib /MANIFEST /ManifestFile:"Debug\HW06-3.exe.intermediate.manifest" /MANIFESTUAC:"level='asInvoker' uiAccess='false'" /DEBUG /PDB:"C:\Documents and Settings\NT\바탕 화면\수박\--)2014자료구조\강의준비\프로그래밍해보기\HW06(뒷부분)_pak\Debug\HW06-3.pdb" /SUBSYSTEM:CONSOLE /TLBID:1 /DYNAMICBASE /NXCOMPAT /IMPLIB:"C:\Documents and Settings\NT\바탕 화면\수박\--)2014자료구조\강의준비\프로그래밍해보기\HW06(뒷부분)_pak\Debug\HW06-3.lib" /MACHINE:X86 Debug\kruskal.obj
         Debug\minheap.obj
         Debug\unionfind.obj
         HW06-3.vcxproj -> C:\Documents and Settings\NT\바탕 화면\수박\--)2014자료구조\강의준비\프로그래밍해보기\HW06(뒷부분)_pak\Debug\HW06-3.exe
       Manifest:
         C:\Program Files\Microsoft SDKs\Windows\v7.0A\bin\mt.exe /nologo /verbose /out:"C:\Documents and Settings\NT\바탕 화면\수박\--)2014자료구조\강의준비\프로그래밍해보기\HW06(뒷부분)_pak\Debug\HW06-3.exe.manifest" /manifest "Debug\HW06-3.exe.intermediate.manifest"
       FinalizeBuildStatus:
         "Debug\HW06-3.unsuccessfulbuild" 파일을 삭제하고 있습니다.
         "Debug\HW06-3.lastbuildstate"에 연결(touching)하고 있습니다.
     1>"C:\Documents and Settings\NT\바탕 화면\수박\--)2014자료구조\강의준비\프로그래밍해보기\HW06(뒷부분)_pak\HW06-3\HW06-3.vcxproj" 프로젝트를 빌드했습니다(build 대상).

빌드했습니다.

경과 시간: 00:00:01.14
