C:\DOCUMENTS AND SETTINGS\NT\바탕 화면\수박\--)2014자료구조\강의준비\프로그래밍해보기\HW06(뒷부분)_PAK\DEBUG\HW06-3.EXE
C:\DOCUMENTS AND SETTINGS\NT\바탕 화면\수박\--)2014자료구조\강의준비\프로그래밍해보기\HW06(뒷부분)_PAK\DEBUG\HW06-3.EXE.MANIFEST
C:\DOCUMENTS AND SETTINGS\NT\바탕 화면\수박\--)2014자료구조\강의준비\프로그래밍해보기\HW06(뒷부분)_PAK\DEBUG\HW06-3.ILK
C:\DOCUMENTS AND SETTINGS\NT\바탕 화면\수박\--)2014자료구조\강의준비\프로그래밍해보기\HW06(뒷부분)_PAK\DEBUG\HW06-3.PDB
C:\Documents and Settings\NT\바탕 화면\수박\--)2014자료구조\강의준비\프로그래밍해보기\HW06(뒷부분)_pak\HW06-3\Debug\cl.command.1.tlog
C:\Documents and Settings\NT\바탕 화면\수박\--)2014자료구조\강의준비\프로그래밍해보기\HW06(뒷부분)_pak\HW06-3\Debug\CL.read.1.tlog
C:\Documents and Settings\NT\바탕 화면\수박\--)2014자료구조\강의준비\프로그래밍해보기\HW06(뒷부분)_pak\HW06-3\Debug\CL.write.1.tlog
C:\Documents and Settings\NT\바탕 화면\수박\--)2014자료구조\강의준비\프로그래밍해보기\HW06(뒷부분)_pak\HW06-3\Debug\HW06-3.exe.embed.manifest
C:\Documents and Settings\NT\바탕 화면\수박\--)2014자료구조\강의준비\프로그래밍해보기\HW06(뒷부분)_pak\HW06-3\Debug\HW06-3.exe.embed.manifest.res
C:\DOCUMENTS AND SETTINGS\NT\바탕 화면\수박\--)2014자료구조\강의준비\프로그래밍해보기\HW06(뒷부분)_PAK\HW06-3\DEBUG\HW06-3.EXE.INTERMEDIATE.MANIFEST
C:\Documents and Settings\NT\바탕 화면\수박\--)2014자료구조\강의준비\프로그래밍해보기\HW06(뒷부분)_pak\HW06-3\Debug\HW06-3.vcxprojResolveAssemblyReference.cache
C:\Documents and Settings\NT\바탕 화면\수박\--)2014자료구조\강의준비\프로그래밍해보기\HW06(뒷부분)_pak\HW06-3\Debug\HW06-3.write.1.tlog
C:\Documents and Settings\NT\바탕 화면\수박\--)2014자료구조\강의준비\프로그래밍해보기\HW06(뒷부분)_pak\HW06-3\Debug\HW06-3_manifest.rc
C:\DOCUMENTS AND SETTINGS\NT\바탕 화면\수박\--)2014자료구조\강의준비\프로그래밍해보기\HW06(뒷부분)_PAK\HW06-3\DEBUG\KRUSKAL.OBJ
C:\Documents and Settings\NT\바탕 화면\수박\--)2014자료구조\강의준비\프로그래밍해보기\HW06(뒷부분)_pak\HW06-3\Debug\link.4684.read.1.tlog
C:\Documents and Settings\NT\바탕 화면\수박\--)2014자료구조\강의준비\프로그래밍해보기\HW06(뒷부분)_pak\HW06-3\Debug\link.4684.write.1.tlog
C:\Documents and Settings\NT\바탕 화면\수박\--)2014자료구조\강의준비\프로그래밍해보기\HW06(뒷부분)_pak\HW06-3\Debug\link.4684-cvtres.read.1.tlog
C:\Documents and Settings\NT\바탕 화면\수박\--)2014자료구조\강의준비\프로그래밍해보기\HW06(뒷부분)_pak\HW06-3\Debug\link.4684-cvtres.write.1.tlog
C:\Documents and Settings\NT\바탕 화면\수박\--)2014자료구조\강의준비\프로그래밍해보기\HW06(뒷부분)_pak\HW06-3\Debug\link.7992.read.1.tlog
C:\Documents and Settings\NT\바탕 화면\수박\--)2014자료구조\강의준비\프로그래밍해보기\HW06(뒷부분)_pak\HW06-3\Debug\link.7992.write.1.tlog
C:\Documents and Settings\NT\바탕 화면\수박\--)2014자료구조\강의준비\프로그래밍해보기\HW06(뒷부분)_pak\HW06-3\Debug\link.command.1.tlog
C:\Documents and Settings\NT\바탕 화면\수박\--)2014자료구조\강의준비\프로그래밍해보기\HW06(뒷부분)_pak\HW06-3\Debug\link.read.1.tlog
C:\Documents and Settings\NT\바탕 화면\수박\--)2014자료구조\강의준비\프로그래밍해보기\HW06(뒷부분)_pak\HW06-3\Debug\link.write.1.tlog
C:\Documents and Settings\NT\바탕 화면\수박\--)2014자료구조\강의준비\프로그래밍해보기\HW06(뒷부분)_pak\HW06-3\Debug\link-cvtres.read.1.tlog
C:\Documents and Settings\NT\바탕 화면\수박\--)2014자료구조\강의준비\프로그래밍해보기\HW06(뒷부분)_pak\HW06-3\Debug\link-cvtres.write.1.tlog
C:\DOCUMENTS AND SETTINGS\NT\바탕 화면\수박\--)2014자료구조\강의준비\프로그래밍해보기\HW06(뒷부분)_PAK\HW06-3\DEBUG\MINHEAP.OBJ
C:\Documents and Settings\NT\바탕 화면\수박\--)2014자료구조\강의준비\프로그래밍해보기\HW06(뒷부분)_pak\HW06-3\Debug\mt.command.1.tlog
C:\Documents and Settings\NT\바탕 화면\수박\--)2014자료구조\강의준비\프로그래밍해보기\HW06(뒷부분)_pak\HW06-3\Debug\mt.read.1.tlog
C:\Documents and Settings\NT\바탕 화면\수박\--)2014자료구조\강의준비\프로그래밍해보기\HW06(뒷부분)_pak\HW06-3\Debug\mt.write.1.tlog
C:\Documents and Settings\NT\바탕 화면\수박\--)2014자료구조\강의준비\프로그래밍해보기\HW06(뒷부분)_pak\HW06-3\Debug\rc.command.1.tlog
C:\Documents and Settings\NT\바탕 화면\수박\--)2014자료구조\강의준비\프로그래밍해보기\HW06(뒷부분)_pak\HW06-3\Debug\rc.read.1.tlog
C:\Documents and Settings\NT\바탕 화면\수박\--)2014자료구조\강의준비\프로그래밍해보기\HW06(뒷부분)_pak\HW06-3\Debug\rc.write.1.tlog
C:\DOCUMENTS AND SETTINGS\NT\바탕 화면\수박\--)2014자료구조\강의준비\프로그래밍해보기\HW06(뒷부분)_PAK\HW06-3\DEBUG\UNIONFIND.OBJ
C:\Documents and Settings\NT\바탕 화면\수박\--)2014자료구조\강의준비\프로그래밍해보기\HW06(뒷부분)_pak\HW06-3\Debug\vc100.idb
C:\DOCUMENTS AND SETTINGS\NT\바탕 화면\수박\--)2014자료구조\강의준비\프로그래밍해보기\HW06(뒷부분)_PAK\HW06-3\DEBUG\VC100.PDB
C:\DOCUMENTS AND SETTINGS\NT\바탕 화면\수박\--)2014자료구조\강의준비\프로그래밍해보기\HW06\DEBUG\HW06-3.EXE
C:\DOCUMENTS AND SETTINGS\NT\바탕 화면\수박\--)2014자료구조\강의준비\프로그래밍해보기\HW06\DEBUG\HW06-3.ILK
C:\DOCUMENTS AND SETTINGS\NT\바탕 화면\수박\--)2014자료구조\강의준비\프로그래밍해보기\HW06\DEBUG\HW06-3.PDB
C:\DOCUMENTS AND SETTINGS\NT\바탕 화면\수박\--)2014자료구조\강의준비\프로그래밍해보기\HW06\HW06-3\DEBUG\HW06-3.EXE.EMBED.MANIFEST.RES
C:\DOCUMENTS AND SETTINGS\NT\바탕 화면\수박\--)2014자료구조\강의준비\프로그래밍해보기\HW06\HW06-3\DEBUG\HW06-3.EXE.INTERMEDIATE.MANIFEST
C:\DOCUMENTS AND SETTINGS\NT\바탕 화면\수박\--)2014자료구조\강의준비\프로그래밍해보기\HW06\HW06-3\DEBUG\KRUSKAL.OBJ
C:\DOCUMENTS AND SETTINGS\NT\바탕 화면\수박\--)2014자료구조\강의준비\프로그래밍해보기\HW06\HW06-3\DEBUG\MINHEAP.OBJ
C:\DOCUMENTS AND SETTINGS\NT\바탕 화면\수박\--)2014자료구조\강의준비\프로그래밍해보기\HW06\HW06-3\DEBUG\UNIONFIND.OBJ
C:\DOCUMENTS AND SETTINGS\NT\바탕 화면\수박\--)2014자료구조\강의준비\프로그래밍해보기\HW06\HW06-3\DEBUG\VC100.PDB
D:\2014FALL\DATA STRUCTURE\과제\HW06\DEBUG\HW06-3.EXE
D:\2014FALL\DATA STRUCTURE\과제\HW06\DEBUG\HW06-3.ILK
D:\2014FALL\DATA STRUCTURE\과제\HW06\DEBUG\HW06-3.PDB
D:\2014FALL\DATA STRUCTURE\과제\HW06\HW06-3\DEBUG\HW06-3.EXE.EMBED.MANIFEST
D:\2014FALL\DATA STRUCTURE\과제\HW06\HW06-3\DEBUG\HW06-3.EXE.EMBED.MANIFEST.RES
D:\2014FALL\DATA STRUCTURE\과제\HW06\HW06-3\DEBUG\HW06-3.EXE.INTERMEDIATE.MANIFEST
D:\2014FALL\DATA STRUCTURE\과제\HW06\HW06-3\DEBUG\KRUSKAL.OBJ
D:\2014FALL\DATA STRUCTURE\과제\HW06\HW06-3\DEBUG\MINHEAP.OBJ
D:\2014FALL\DATA STRUCTURE\과제\HW06\HW06-3\DEBUG\UNIONFIND.OBJ
D:\2014FALL\DATA STRUCTURE\과제\HW06\HW06-3\DEBUG\VC100.PDB
