  중위to후위.c
C:\Users\user\Desktop\J\DDWU\23-2\자료구조\2주차HW(스택)\중위to후위\중위to후위.c(117,7): warning C4013: 'exit'이(가) 정의되지 않았습니다. extern은 int형을 반환하는 것으로 간주합니다.
C:\Users\user\Desktop\J\DDWU\23-2\자료구조\2주차HW(스택)\중위to후위\중위to후위.c(154,9): warning C4047: '함수': 'StackType *'의 간접 참조 수준이 'StackType **'과(와) 다릅니다.
C:\Users\user\Desktop\J\DDWU\23-2\자료구조\2주차HW(스택)\중위to후위\중위to후위.c(154,7): warning C4024: 'init': 형식 및 실제 매개 변수 1의 형식이 서로 다릅니다.
C:\Users\user\Desktop\J\DDWU\23-2\자료구조\2주차HW(스택)\중위to후위\중위to후위.c(162,23): warning C4047: '함수': 'StackType *'의 간접 참조 수준이 'StackType **'과(와) 다릅니다.
C:\Users\user\Desktop\J\DDWU\23-2\자료구조\2주차HW(스택)\중위to후위\중위to후위.c(162,21): warning C4024: 'is_empty': 형식 및 실제 매개 변수 1의 형식이 서로 다릅니다.
C:\Users\user\Desktop\J\DDWU\23-2\자료구조\2주차HW(스택)\중위to후위\중위to후위.c(162,53): warning C4047: '함수': 'StackType *'의 간접 참조 수준이 'StackType **'과(와) 다릅니다.
C:\Users\user\Desktop\J\DDWU\23-2\자료구조\2주차HW(스택)\중위to후위\중위to후위.c(162,51): warning C4024: 'peek': 형식 및 실제 매개 변수 1의 형식이 서로 다릅니다.
C:\Users\user\Desktop\J\DDWU\23-2\자료구조\2주차HW(스택)\중위to후위\중위to후위.c(164,22): warning C4047: '함수': 'StackType *'의 간접 참조 수준이 'StackType **'과(와) 다릅니다.
C:\Users\user\Desktop\J\DDWU\23-2\자료구조\2주차HW(스택)\중위to후위\중위to후위.c(164,20): warning C4024: 'pop': 형식 및 실제 매개 변수 1의 형식이 서로 다릅니다.
C:\Users\user\Desktop\J\DDWU\23-2\자료구조\2주차HW(스택)\중위to후위\중위to후위.c(167,11): warning C4047: '함수': 'StackType *'의 간접 참조 수준이 'StackType **'과(와) 다릅니다.
C:\Users\user\Desktop\J\DDWU\23-2\자료구조\2주차HW(스택)\중위to후위\중위to후위.c(167,9): warning C4024: 'push': 형식 및 실제 매개 변수 1의 형식이 서로 다릅니다.
C:\Users\user\Desktop\J\DDWU\23-2\자료구조\2주차HW(스택)\중위to후위\중위to후위.c(170,11): warning C4047: '함수': 'StackType *'의 간접 참조 수준이 'StackType **'과(와) 다릅니다.
C:\Users\user\Desktop\J\DDWU\23-2\자료구조\2주차HW(스택)\중위to후위\중위to후위.c(170,9): warning C4024: 'push': 형식 및 실제 매개 변수 1의 형식이 서로 다릅니다.
C:\Users\user\Desktop\J\DDWU\23-2\자료구조\2주차HW(스택)\중위to후위\중위to후위.c(173,19): warning C4047: '함수': 'StackType *'의 간접 참조 수준이 'StackType **'과(와) 다릅니다.
C:\Users\user\Desktop\J\DDWU\23-2\자료구조\2주차HW(스택)\중위to후위\중위to후위.c(173,17): warning C4024: 'pop': 형식 및 실제 매개 변수 1의 형식이 서로 다릅니다.
C:\Users\user\Desktop\J\DDWU\23-2\자료구조\2주차HW(스택)\중위to후위\중위to후위.c(178,20): warning C4047: '함수': 'StackType *'의 간접 참조 수준이 'StackType **'과(와) 다릅니다.
C:\Users\user\Desktop\J\DDWU\23-2\자료구조\2주차HW(스택)\중위to후위\중위to후위.c(178,18): warning C4024: 'pop': 형식 및 실제 매개 변수 1의 형식이 서로 다릅니다.
C:\Users\user\Desktop\J\DDWU\23-2\자료구조\2주차HW(스택)\중위to후위\중위to후위.c(187,21): warning C4047: '함수': 'StackType *'의 간접 참조 수준이 'StackType **'과(와) 다릅니다.
C:\Users\user\Desktop\J\DDWU\23-2\자료구조\2주차HW(스택)\중위to후위\중위to후위.c(187,19): warning C4024: 'is_empty': 형식 및 실제 매개 변수 1의 형식이 서로 다릅니다.
C:\Users\user\Desktop\J\DDWU\23-2\자료구조\2주차HW(스택)\중위to후위\중위to후위.c(189,20): warning C4047: '함수': 'StackType *'의 간접 참조 수준이 'StackType **'과(와) 다릅니다.
C:\Users\user\Desktop\J\DDWU\23-2\자료구조\2주차HW(스택)\중위to후위\중위to후위.c(189,18): warning C4024: 'pop': 형식 및 실제 매개 변수 1의 형식이 서로 다릅니다.
C:\Users\user\Desktop\J\DDWU\23-2\자료구조\2주차HW(스택)\중위to후위\중위to후위.c(151,18): warning C4267: '초기화 중': 'size_t'에서 'int'(으)로 변환하면서 데이터가 손실될 수 있습니다.
C:\Users\user\Desktop\J\DDWU\23-2\자료구조\2주차HW(스택)\중위to후위\중위to후위.c(201,9): warning C4047: '함수': 'StackType *'의 간접 참조 수준이 'StackType **'과(와) 다릅니다.
C:\Users\user\Desktop\J\DDWU\23-2\자료구조\2주차HW(스택)\중위to후위\중위to후위.c(201,7): warning C4024: 'init': 형식 및 실제 매개 변수 1의 형식이 서로 다릅니다.
C:\Users\user\Desktop\J\DDWU\23-2\자료구조\2주차HW(스택)\중위to후위\중위to후위.c(208,11): warning C4047: '함수': 'StackType *'의 간접 참조 수준이 'StackType **'과(와) 다릅니다.
C:\Users\user\Desktop\J\DDWU\23-2\자료구조\2주차HW(스택)\중위to후위\중위to후위.c(208,9): warning C4024: 'push': 형식 및 실제 매개 변수 1의 형식이 서로 다릅니다.
C:\Users\user\Desktop\J\DDWU\23-2\자료구조\2주차HW(스택)\중위to후위\중위to후위.c(212,16): warning C4047: '함수': 'StackType *'의 간접 참조 수준이 'StackType **'과(와) 다릅니다.
C:\Users\user\Desktop\J\DDWU\23-2\자료구조\2주차HW(스택)\중위to후위\중위to후위.c(212,14): warning C4024: 'pop': 형식 및 실제 매개 변수 1의 형식이 서로 다릅니다.
C:\Users\user\Desktop\J\DDWU\23-2\자료구조\2주차HW(스택)\중위to후위\중위to후위.c(213,16): warning C4047: '함수': 'StackType *'의 간접 참조 수준이 'StackType **'과(와) 다릅니다.
C:\Users\user\Desktop\J\DDWU\23-2\자료구조\2주차HW(스택)\중위to후위\중위to후위.c(213,14): warning C4024: 'pop': 형식 및 실제 매개 변수 1의 형식이 서로 다릅니다.
C:\Users\user\Desktop\J\DDWU\23-2\자료구조\2주차HW(스택)\중위to후위\중위to후위.c(217,12): warning C4047: '함수': 'StackType *'의 간접 참조 수준이 'StackType **'과(와) 다릅니다.
C:\Users\user\Desktop\J\DDWU\23-2\자료구조\2주차HW(스택)\중위to후위\중위to후위.c(217,10): warning C4024: 'push': 형식 및 실제 매개 변수 1의 형식이 서로 다릅니다.
C:\Users\user\Desktop\J\DDWU\23-2\자료구조\2주차HW(스택)\중위to후위\중위to후위.c(220,12): warning C4047: '함수': 'StackType *'의 간접 참조 수준이 'StackType **'과(와) 다릅니다.
C:\Users\user\Desktop\J\DDWU\23-2\자료구조\2주차HW(스택)\중위to후위\중위to후위.c(220,10): warning C4024: 'push': 형식 및 실제 매개 변수 1의 형식이 서로 다릅니다.
C:\Users\user\Desktop\J\DDWU\23-2\자료구조\2주차HW(스택)\중위to후위\중위to후위.c(223,12): warning C4047: '함수': 'StackType *'의 간접 참조 수준이 'StackType **'과(와) 다릅니다.
C:\Users\user\Desktop\J\DDWU\23-2\자료구조\2주차HW(스택)\중위to후위\중위to후위.c(223,10): warning C4024: 'push': 형식 및 실제 매개 변수 1의 형식이 서로 다릅니다.
C:\Users\user\Desktop\J\DDWU\23-2\자료구조\2주차HW(스택)\중위to후위\중위to후위.c(226,12): warning C4047: '함수': 'StackType *'의 간접 참조 수준이 'StackType **'과(와) 다릅니다.
C:\Users\user\Desktop\J\DDWU\23-2\자료구조\2주차HW(스택)\중위to후위\중위to후위.c(226,10): warning C4024: 'push': 형식 및 실제 매개 변수 1의 형식이 서로 다릅니다.
C:\Users\user\Desktop\J\DDWU\23-2\자료구조\2주차HW(스택)\중위to후위\중위to후위.c(231,15): warning C4047: '함수': 'StackType *'의 간접 참조 수준이 'StackType **'과(와) 다릅니다.
C:\Users\user\Desktop\J\DDWU\23-2\자료구조\2주차HW(스택)\중위to후위\중위to후위.c(231,13): warning C4024: 'pop': 형식 및 실제 매개 변수 1의 형식이 서로 다릅니다.
C:\Users\user\Desktop\J\DDWU\23-2\자료구조\2주차HW(스택)\중위to후위\중위to후위.c(241,22): warning C4013: 'malloc'이(가) 정의되지 않았습니다. extern은 int형을 반환하는 것으로 간주합니다.
C:\Users\user\Desktop\J\DDWU\23-2\자료구조\2주차HW(스택)\중위to후위\중위to후위.c(241,42): warning C4312: '형식 캐스트': 'int'에서 더 큰 'char *'(으)로의 변환입니다.
C:\Users\user\Desktop\J\DDWU\23-2\자료구조\2주차HW(스택)\중위to후위\중위to후위.c(243,6): warning C4013: 'gets'이(가) 정의되지 않았습니다. extern은 int형을 반환하는 것으로 간주합니다.
C:\Users\user\Desktop\J\DDWU\23-2\자료구조\2주차HW(스택)\중위to후위\중위to후위.c(130): warning C4715: 'peek': 모든 제어 경로에서 값을 반환하지는 않습니다.
C:\Users\user\Desktop\J\DDWU\23-2\자료구조\2주차HW(스택)\중위to후위\중위to후위.c(121): warning C4715: 'pop': 모든 제어 경로에서 값을 반환하지는 않습니다.
  중위to후위.vcxproj -> C:\Users\user\Desktop\J\DDWU\23-2\자료구조\2주차HW(스택)\x64\Debug\중위to후위.exe
