빌드 시작: 2020-11-18 오후 4:10:15
     1>2 노드의 "D:\))))ㄱ자료구조2020\))2020강의보충자료\강의보충자료(교안)\포인터의포인터사용예제\지역변수관련2\지역변수관련2.vcxproj" 프로젝트(build 대상)입니다.
     1>InitializeBuildStatus:
         "AlwaysCreate"이(가) 지정되었기 때문에 "Debug\지역변수관련2.unsuccessfulbuild"을(를) 만들고 있습니다.
       ClCompile:
         c:\Program Files (x86)\Microsoft Visual Studio 10.0\VC\bin\CL.exe /c /ZI /nologo /W3 /WX- /Od /Oy- /D WIN32 /D _DEBUG /D _CONSOLE /D _UNICODE /D UNICODE /Gm /EHsc /RTC1 /MDd /GS /fp:precise /Zc:wchar_t /Zc:forScope /Fo"Debug\\" /Fd"Debug\vc100.pdb" /Gd /TC /analyze- /errorReport:prompt "지역변수관련2.c"
         지역변수관련2.c
     1>d:\))))ㄱ자료구조2020\))2020강의보충자료\강의보충자료(교안)\포인터의포인터사용예제\지역변수관련2\지역변수관련2.c(97): warning C4996: 'scanf': This function or variable may be unsafe. Consider using scanf_s instead. To disable deprecation, use _CRT_SECURE_NO_WARNINGS. See online help for details.
                 c:\program files (x86)\microsoft visual studio 10.0\vc\include\stdio.h(304) : 'scanf' 선언을 참조하십시오.
     1>d:\))))ㄱ자료구조2020\))2020강의보충자료\강의보충자료(교안)\포인터의포인터사용예제\지역변수관련2\지역변수관련2.c(108): warning C4996: 'scanf': This function or variable may be unsafe. Consider using scanf_s instead. To disable deprecation, use _CRT_SECURE_NO_WARNINGS. See online help for details.
                 c:\program files (x86)\microsoft visual studio 10.0\vc\include\stdio.h(304) : 'scanf' 선언을 참조하십시오.
     1>d:\))))ㄱ자료구조2020\))2020강의보충자료\강의보충자료(교안)\포인터의포인터사용예제\지역변수관련2\지역변수관련2.c(90): warning C4715: 'pop' : 모든 제어 경로에서 값을 반환하지는 않습니다.
       ManifestResourceCompile:
         모든 출력이 최신 상태입니다.
       Link:
         c:\Program Files (x86)\Microsoft Visual Studio 10.0\VC\bin\link.exe /ERRORREPORT:PROMPT /OUT:"D:\))))ㄱ자료구조2020\))2020강의보충자료\강의보충자료(교안)\포인터의포인터사용예제\Debug\지역변수관련2.exe" /INCREMENTAL /NOLOGO kernel32.lib user32.lib gdi32.lib winspool.lib comdlg32.lib advapi32.lib shell32.lib ole32.lib oleaut32.lib uuid.lib odbc32.lib odbccp32.lib /MANIFEST /ManifestFile:"Debug\지역변수관련2.exe.intermediate.manifest" /MANIFESTUAC:"level='asInvoker' uiAccess='false'" /DEBUG /PDB:"D:\))))ㄱ자료구조2020\))2020강의보충자료\강의보충자료(교안)\포인터의포인터사용예제\Debug\지역변수관련2.pdb" /SUBSYSTEM:CONSOLE /TLBID:1 /DYNAMICBASE /NXCOMPAT /IMPLIB:"D:\))))ㄱ자료구조2020\))2020강의보충자료\강의보충자료(교안)\포인터의포인터사용예제\Debug\지역변수관련2.lib" /MACHINE:X86 "Debug\지역변수관련2.exe.embed.manifest.res"
         "Debug\지역변수관련2.obj"
       Manifest:
         C:\Program Files (x86)\Microsoft SDKs\Windows\v7.0A\bin\mt.exe /nologo /verbose /out:"Debug\지역변수관련2.exe.embed.manifest" /manifest "Debug\지역변수관련2.exe.intermediate.manifest"
         모든 출력이 최신 상태입니다.
       LinkEmbedManifest:
         모든 출력이 최신 상태입니다.
         지역변수관련2.vcxproj -> D:\))))ㄱ자료구조2020\))2020강의보충자료\강의보충자료(교안)\포인터의포인터사용예제\Debug\지역변수관련2.exe
       FinalizeBuildStatus:
         "Debug\지역변수관련2.unsuccessfulbuild" 파일을 삭제하고 있습니다.
         "Debug\지역변수관련2.lastbuildstate"에 연결(touching)하고 있습니다.
     1>"D:\))))ㄱ자료구조2020\))2020강의보충자료\강의보충자료(교안)\포인터의포인터사용예제\지역변수관련2\지역변수관련2.vcxproj" 프로젝트를 빌드했습니다(build 대상).

빌드했습니다.

경과 시간: 00:00:04.66
