C:\DOCUMENTS AND SETTINGS\NT\바탕 화면\수박\--)2014자료구조\강의준비\프로그래밍해보기\HW6_PAK\DEBUG\HW6_2_2.EXE
C:\DOCUMENTS AND SETTINGS\NT\바탕 화면\수박\--)2014자료구조\강의준비\프로그래밍해보기\HW6_PAK\DEBUG\HW6_2_2.ILK
C:\DOCUMENTS AND SETTINGS\NT\바탕 화면\수박\--)2014자료구조\강의준비\프로그래밍해보기\HW6_PAK\DEBUG\HW6_2_2.PDB
C:\Documents and Settings\NT\바탕 화면\수박\--)2014자료구조\강의준비\프로그래밍해보기\HW6_pak\HW6_2_2\Debug\cl.command.1.tlog
C:\Documents and Settings\NT\바탕 화면\수박\--)2014자료구조\강의준비\프로그래밍해보기\HW6_pak\HW6_2_2\Debug\CL.read.1.tlog
C:\Documents and Settings\NT\바탕 화면\수박\--)2014자료구조\강의준비\프로그래밍해보기\HW6_pak\HW6_2_2\Debug\CL.write.1.tlog
C:\DOCUMENTS AND SETTINGS\NT\바탕 화면\수박\--)2014자료구조\강의준비\프로그래밍해보기\HW6_PAK\HW6_2_2\DEBUG\HW6_2_2.EXE.EMBED.MANIFEST
C:\DOCUMENTS AND SETTINGS\NT\바탕 화면\수박\--)2014자료구조\강의준비\프로그래밍해보기\HW6_PAK\HW6_2_2\DEBUG\HW6_2_2.EXE.EMBED.MANIFEST.RES
C:\DOCUMENTS AND SETTINGS\NT\바탕 화면\수박\--)2014자료구조\강의준비\프로그래밍해보기\HW6_PAK\HW6_2_2\DEBUG\HW6_2_2.EXE.INTERMEDIATE.MANIFEST
C:\DOCUMENTS AND SETTINGS\NT\바탕 화면\수박\--)2014자료구조\강의준비\프로그래밍해보기\HW6_PAK\HW6_2_2\DEBUG\HW6_2_2.OBJ
C:\Documents and Settings\NT\바탕 화면\수박\--)2014자료구조\강의준비\프로그래밍해보기\HW6_pak\HW6_2_2\Debug\HW6_2_2_manifest.rc
C:\Documents and Settings\NT\바탕 화면\수박\--)2014자료구조\강의준비\프로그래밍해보기\HW6_pak\HW6_2_2\Debug\link.7592.read.1.tlog
C:\Documents and Settings\NT\바탕 화면\수박\--)2014자료구조\강의준비\프로그래밍해보기\HW6_pak\HW6_2_2\Debug\link.7592.write.1.tlog
C:\Documents and Settings\NT\바탕 화면\수박\--)2014자료구조\강의준비\프로그래밍해보기\HW6_pak\HW6_2_2\Debug\link.7592-cvtres.read.1.tlog
C:\Documents and Settings\NT\바탕 화면\수박\--)2014자료구조\강의준비\프로그래밍해보기\HW6_pak\HW6_2_2\Debug\link.7592-cvtres.write.1.tlog
C:\Documents and Settings\NT\바탕 화면\수박\--)2014자료구조\강의준비\프로그래밍해보기\HW6_pak\HW6_2_2\Debug\link.command.1.tlog
C:\Documents and Settings\NT\바탕 화면\수박\--)2014자료구조\강의준비\프로그래밍해보기\HW6_pak\HW6_2_2\Debug\link.read.1.tlog
C:\Documents and Settings\NT\바탕 화면\수박\--)2014자료구조\강의준비\프로그래밍해보기\HW6_pak\HW6_2_2\Debug\link.write.1.tlog
C:\Documents and Settings\NT\바탕 화면\수박\--)2014자료구조\강의준비\프로그래밍해보기\HW6_pak\HW6_2_2\Debug\link-cvtres.read.1.tlog
C:\Documents and Settings\NT\바탕 화면\수박\--)2014자료구조\강의준비\프로그래밍해보기\HW6_pak\HW6_2_2\Debug\link-cvtres.write.1.tlog
C:\Documents and Settings\NT\바탕 화면\수박\--)2014자료구조\강의준비\프로그래밍해보기\HW6_pak\HW6_2_2\Debug\mt.command.1.tlog
C:\Documents and Settings\NT\바탕 화면\수박\--)2014자료구조\강의준비\프로그래밍해보기\HW6_pak\HW6_2_2\Debug\mt.read.1.tlog
C:\Documents and Settings\NT\바탕 화면\수박\--)2014자료구조\강의준비\프로그래밍해보기\HW6_pak\HW6_2_2\Debug\mt.write.1.tlog
C:\DOCUMENTS AND SETTINGS\NT\바탕 화면\수박\--)2014자료구조\강의준비\프로그래밍해보기\HW6_PAK\HW6_2_2\DEBUG\QUEUE.OBJ
C:\Documents and Settings\NT\바탕 화면\수박\--)2014자료구조\강의준비\프로그래밍해보기\HW6_pak\HW6_2_2\Debug\rc.command.1.tlog
C:\Documents and Settings\NT\바탕 화면\수박\--)2014자료구조\강의준비\프로그래밍해보기\HW6_pak\HW6_2_2\Debug\rc.read.1.tlog
C:\Documents and Settings\NT\바탕 화면\수박\--)2014자료구조\강의준비\프로그래밍해보기\HW6_pak\HW6_2_2\Debug\rc.write.1.tlog
C:\Documents and Settings\NT\바탕 화면\수박\--)2014자료구조\강의준비\프로그래밍해보기\HW6_pak\HW6_2_2\Debug\vc100.idb
C:\DOCUMENTS AND SETTINGS\NT\바탕 화면\수박\--)2014자료구조\강의준비\프로그래밍해보기\HW6_PAK\HW6_2_2\DEBUG\VC100.PDB
